Rails Error: Unable to access log file. Please ensure that /var/www/tuvocabulario.local/log/development.log exists and is chmod 0666. The log level has been raised to WARN and the output directed to STDERR until the problem is fixed.
DEPRECATION WARNING: Kernel#returning has been deprecated in favor of Object#tap. (called from enable_activerecord at /usr/local/rvm/gems/ree-1.8.7-2010.02/gems/will_paginate-2.3.14/lib/will_paginate.rb:39)
The {{key}} interpolation syntax in I18n messages is deprecated. Please use %{key} instead.
/usr/local/rvm/gems/ree-1.8.7-2010.02/gems/i18n-0.4.1/lib/i18n/backend/base.rb:162:in `interpolate'
/usr/local/rvm/gems/ree-1.8.7-2010.02/gems/i18n-0.4.1/lib/i18n/backend/base.rb:157:in `gsub'
/usr/local/rvm/gems/ree-1.8.7-2010.02/gems/i18n-0.4.1/lib/i18n/backend/base.rb:157:in `interpolate'
/usr/local/rvm/gems/ree-1.8.7-2010.02/gems/i18n-0.4.1/lib/i18n/backend/base.rb:197:in `preserve_encoding'
/usr/local/rvm/gems/ree-1.8.7-2010.02/gems/i18n-0.4.1/lib/i18n/backend/base.rb:156:in `interpolate'
/usr/local/rvm/gems/ree-1.8.7-2010.02/gems/i18n-0.4.1/lib/i18n/backend/base.rb:49:in `translate'
/usr/local/rvm/gems/ree-1.8.7-2010.02/gems/i18n-0.4.1/lib/i18n.rb:152:in `t'
/usr/local/rvm/gems/ree-1.8.7-2010.02/gems/irwi-0.2.4/lib/irwi/helpers/wiki_pages_helper.rb:92:in `wt'
/usr/local/rvm/gems/ree-1.8.7-2010.02/gems/irwi-0.2.4/app/views/base_wiki_pages/_wiki_page_info.html.erb:2:in `_run_erb_47usr47local47rvm47gems47ree451468467452010460247gems47irwi45046246447app47views47base_wiki_pages47_wiki_page_info46html46erb_locals_object_page_wiki_page_info'
/usr/local/rvm/gems/ree-1.8.7-2010.02/gems/actionpack-2.3.10/lib/action_view/renderable.rb:34:in `send'
/usr/local/rvm/gems/ree-1.8.7-2010.02/gems/actionpack-2.3.10/lib/action_view/renderable.rb:34:in `render'
/usr/local/rvm/gems/ree-1.8.7-2010.02/gems/actionpack-2.3.10/lib/action_view/base.rb:306:in `with_template'
/usr/local/rvm/gems/ree-1.8.7-2010.02/gems/actionpack-2.3.10/lib/action_view/renderable.rb:30:in `render'
/usr/local/rvm/gems/ree-1.8.7-2010.02/gems/actionpack-2.3.10/lib/action_view/renderable_partial.rb:20:in `render'
/usr/local/rvm/gems/ree-1.8.7-2010.02/gems/actionpack-2.3.10/lib/action_controller/benchmarking.rb:30:in `benchmark'
/usr/local/rvm/gems/ree-1.8.7-2010.02/gems/actionpack-2.3.10/lib/action_view/renderable_partial.rb:19:in `render'
/usr/local/rvm/gems/ree-1.8.7-2010.02/gems/actionpack-2.3.10/lib/action_view/template.rb:205:in `render_template'
/usr/local/rvm/gems/ree-1.8.7-2010.02/gems/actionpack-2.3.10/lib/action_view/renderable_partial.rb:44:in `render_partial'
/usr/local/rvm/gems/ree-1.8.7-2010.02/gems/actionpack-2.3.10/lib/action_view/partials.rb:184:in `render_partial'
/usr/local/rvm/gems/ree-1.8.7-2010.02/gems/actionpack-2.3.10/lib/action_view/base.rb:267:in `render_without_haml'
/usr/local/rvm/gems/ree-1.8.7-2010.02/gems/haml-3.0.22/rails/../lib/haml/helpers/action_view_mods.rb:11:in `render'
/usr/local/rvm/gems/ree-1.8.7-2010.02/gems/haml-3.0.22/lib/haml/helpers.rb:90:in `non_haml'
/usr/local/rvm/gems/ree-1.8.7-2010.02/gems/haml-3.0.22/rails/../lib/haml/helpers/action_view_mods.rb:11:in `render'
/usr/local/rvm/gems/ree-1.8.7-2010.02/gems/irwi-0.2.4/lib/irwi/helpers/wiki_pages_helper.rb:102:in `wiki_page_info'
/var/www/tuvocabulario.local/app/views/base_wiki_pages/show.haml:9:in `_run_haml_app47views47base_wiki_pages47show46haml'
/usr/local/rvm/gems/ree-1.8.7-2010.02/gems/actionpack-2.3.10/lib/action_view/renderable.rb:34:in `send'
/usr/local/rvm/gems/ree-1.8.7-2010.02/gems/actionpack-2.3.10/lib/action_view/renderable.rb:34:in `render'
/usr/local/rvm/gems/ree-1.8.7-2010.02/gems/actionpack-2.3.10/lib/action_view/base.rb:306:in `with_template'
/usr/local/rvm/gems/ree-1.8.7-2010.02/gems/actionpack-2.3.10/lib/action_view/renderable.rb:30:in `render'
/usr/local/rvm/gems/ree-1.8.7-2010.02/gems/actionpack-2.3.10/lib/action_view/template.rb:205:in `render_template'
/usr/local/rvm/gems/ree-1.8.7-2010.02/gems/actionpack-2.3.10/lib/action_view/base.rb:265:in `render_without_haml'
/usr/local/rvm/gems/ree-1.8.7-2010.02/gems/haml-3.0.22/rails/../lib/haml/helpers/action_view_mods.rb:13:in `render'
/usr/local/rvm/gems/ree-1.8.7-2010.02/gems/actionpack-2.3.10/lib/action_view/base.rb:348:in `_render_with_layout'
/usr/local/rvm/gems/ree-1.8.7-2010.02/gems/actionpack-2.3.10/lib/action_view/base.rb:262:in `render_without_haml'
/usr/local/rvm/gems/ree-1.8.7-2010.02/gems/haml-3.0.22/rails/../lib/haml/helpers/action_view_mods.rb:13:in `render'
/usr/local/rvm/gems/ree-1.8.7-2010.02/gems/actionpack-2.3.10/lib/action_controller/base.rb:1252:in `render_for_file'
/usr/local/rvm/gems/ree-1.8.7-2010.02/gems/actionpack-2.3.10/lib/action_controller/base.rb:936:in `render_without_benchmark'
/usr/local/rvm/gems/ree-1.8.7-2010.02/gems/actionpack-2.3.10/lib/action_controller/benchmarking.rb:51:in `render'
/usr/local/rvm/gems/ree-1.8.7-2010.02/gems/activesupport-2.3.10/lib/active_support/core_ext/benchmark.rb:17:in `ms'
/usr/local/rvm/rubies/ree-1.8.7-2010.02/lib/ruby/1.8/benchmark.rb:308:in `realtime'
/usr/local/rvm/gems/ree-1.8.7-2010.02/gems/activesupport-2.3.10/lib/active_support/core_ext/benchmark.rb:17:in `ms'
/usr/local/rvm/gems/ree-1.8.7-2010.02/gems/actionpack-2.3.10/lib/action_controller/benchmarking.rb:51:in `render'
/usr/local/rvm/gems/ree-1.8.7-2010.02/gems/irwi-0.2.4/lib/irwi/extensions/controllers/wiki_pages.rb:109:in `render_template'
/usr/local/rvm/gems/ree-1.8.7-2010.02/gems/irwi-0.2.4/lib/irwi/extensions/controllers/wiki_pages.rb:23:in `show'
/usr/local/rvm/gems/ree-1.8.7-2010.02/gems/actionpack-2.3.10/lib/action_controller/base.rb:1333:in `send'
/usr/local/rvm/gems/ree-1.8.7-2010.02/gems/actionpack-2.3.10/lib/action_controller/base.rb:1333:in `perform_action_without_filters'
/usr/local/rvm/gems/ree-1.8.7-2010.02/gems/actionpack-2.3.10/lib/action_controller/filters.rb:617:in `call_filters'
/usr/local/rvm/gems/ree-1.8.7-2010.02/gems/actionpack-2.3.10/lib/action_controller/filters.rb:610:in `perform_action_without_benchmark'
/usr/local/rvm/gems/ree-1.8.7-2010.02/gems/actionpack-2.3.10/lib/action_controller/benchmarking.rb:68:in `perform_action_without_rescue'
/usr/local/rvm/gems/ree-1.8.7-2010.02/gems/activesupport-2.3.10/lib/active_support/core_ext/benchmark.rb:17:in `ms'
/usr/local/rvm/rubies/ree-1.8.7-2010.02/lib/ruby/1.8/benchmark.rb:308:in `realtime'
/usr/local/rvm/gems/ree-1.8.7-2010.02/gems/activesupport-2.3.10/lib/active_support/core_ext/benchmark.rb:17:in `ms'
/usr/local/rvm/gems/ree-1.8.7-2010.02/gems/actionpack-2.3.10/lib/action_controller/benchmarking.rb:68:in `perform_action_without_rescue'
/usr/local/rvm/gems/ree-1.8.7-2010.02/gems/actionpack-2.3.10/lib/action_controller/rescue.rb:160:in `perform_action_without_flash'
/usr/local/rvm/gems/ree-1.8.7-2010.02/gems/actionpack-2.3.10/lib/action_controller/flash.rb:151:in `perform_action'
/usr/local/rvm/gems/ree-1.8.7-2010.02/gems/actionpack-2.3.10/lib/action_controller/base.rb:532:in `send'
/usr/local/rvm/gems/ree-1.8.7-2010.02/gems/actionpack-2.3.10/lib/action_controller/base.rb:532:in `process_without_filters'
/usr/local/rvm/gems/ree-1.8.7-2010.02/gems/actionpack-2.3.10/lib/action_controller/filters.rb:606:in `process'
/usr/local/rvm/gems/ree-1.8.7-2010.02/gems/actionpack-2.3.10/lib/action_controller/base.rb:391:in `process'
/usr/local/rvm/gems/ree-1.8.7-2010.02/gems/actionpack-2.3.10/lib/action_controller/base.rb:386:in `call'
/usr/local/rvm/gems/ree-1.8.7-2010.02/gems/actionpack-2.3.10/lib/action_controller/routing/route_set.rb:438:in `call'
/usr/local/rvm/gems/ree-1.8.7-2010.02/gems/actionpack-2.3.10/lib/action_controller/dispatcher.rb:87:in `dispatch'
/usr/local/rvm/gems/ree-1.8.7-2010.02/gems/actionpack-2.3.10/lib/action_controller/dispatcher.rb:121:in `_call'
/usr/local/rvm/gems/ree-1.8.7-2010.02/gems/actionpack-2.3.10/lib/action_controller/dispatcher.rb:130:in `build_middleware_stack'
/usr/local/rvm/gems/ree-1.8.7-2010.02/gems/activerecord-2.3.10/lib/active_record/query_cache.rb:29:in `call'
/usr/local/rvm/gems/ree-1.8.7-2010.02/gems/activerecord-2.3.10/lib/active_record/query_cache.rb:29:in `call'
/usr/local/rvm/gems/ree-1.8.7-2010.02/gems/activerecord-2.3.10/lib/active_record/connection_adapters/abstract/query_cache.rb:34:in `cache'
/usr/local/rvm/gems/ree-1.8.7-2010.02/gems/activerecord-2.3.10/lib/active_record/query_cache.rb:9:in `cache'
/usr/local/rvm/gems/ree-1.8.7-2010.02/gems/activerecord-2.3.10/lib/active_record/query_cache.rb:28:in `call'
/usr/local/rvm/gems/ree-1.8.7-2010.02/gems/activerecord-2.3.10/lib/active_record/connection_adapters/abstract/connection_pool.rb:361:in `call'
/usr/local/rvm/gems/ree-1.8.7-2010.02/gems/haml-3.0.22/rails/../lib/sass/plugin/rack.rb:41:in `call'
/usr/local/rvm/gems/ree-1.8.7-2010.02/gems/actionpack-2.3.10/lib/action_controller/string_coercion.rb:25:in `call'
/usr/local/rvm/gems/ree-1.8.7-2010.02/gems/rack-1.1.0/lib/rack/head.rb:9:in `call'
/usr/local/rvm/gems/ree-1.8.7-2010.02/gems/rack-1.1.0/lib/rack/methodoverride.rb:24:in `call'
/usr/local/rvm/gems/ree-1.8.7-2010.02/gems/actionpack-2.3.10/lib/action_controller/params_parser.rb:15:in `call'
/usr/local/rvm/gems/ree-1.8.7-2010.02/gems/actionpack-2.3.10/lib/action_controller/session/cookie_store.rb:100:in `call'
/usr/local/rvm/gems/ree-1.8.7-2010.02/gems/actionpack-2.3.10/lib/action_controller/failsafe.rb:26:in `call'
/usr/local/rvm/gems/ree-1.8.7-2010.02/gems/rack-1.1.0/lib/rack/lock.rb:11:in `call'
/usr/local/rvm/gems/ree-1.8.7-2010.02/gems/rack-1.1.0/lib/rack/lock.rb:11:in `synchronize'
/usr/local/rvm/gems/ree-1.8.7-2010.02/gems/rack-1.1.0/lib/rack/lock.rb:11:in `call'
/usr/local/rvm/gems/ree-1.8.7-2010.02/gems/actionpack-2.3.10/lib/action_controller/dispatcher.rb:114:in `call'
/usr/local/rvm/gems/ree-1.8.7-2010.02/gems/actionpack-2.3.10/lib/action_controller/reloader.rb:34:in `run'
/usr/local/rvm/gems/ree-1.8.7-2010.02/gems/actionpack-2.3.10/lib/action_controller/dispatcher.rb:108:in `call'
/var/lib/passenger-standalone/3.0.0-x86_64-ruby1.8.7-linux-gcc4.3.2-1002/support/lib/phusion_passenger/rack/request_handler.rb:96:in `process_request'
/var/lib/passenger-standalone/3.0.0-x86_64-ruby1.8.7-linux-gcc4.3.2-1002/support/lib/phusion_passenger/abstract_request_handler.rb:513:in `accept_and_process_next_request'
/var/lib/passenger-standalone/3.0.0-x86_64-ruby1.8.7-linux-gcc4.3.2-1002/support/lib/phusion_passenger/abstract_request_handler.rb:274:in `main_loop'
/var/lib/passenger-standalone/3.0.0-x86_64-ruby1.8.7-linux-gcc4.3.2-1002/support/lib/phusion_passenger/classic_rails/application_spawner.rb:321:in `start_request_handler'
/var/lib/passenger-standalone/3.0.0-x86_64-ruby1.8.7-linux-gcc4.3.2-1002/support/lib/phusion_passenger/classic_rails/application_spawner.rb:275:in `send'
/var/lib/passenger-standalone/3.0.0-x86_64-ruby1.8.7-linux-gcc4.3.2-1002/support/lib/phusion_passenger/classic_rails/application_spawner.rb:275:in `handle_spawn_application'
/var/lib/passenger-standalone/3.0.0-x86_64-ruby1.8.7-linux-gcc4.3.2-1002/support/lib/phusion_passenger/utils.rb:479:in `safe_fork'
/var/lib/passenger-standalone/3.0.0-x86_64-ruby1.8.7-linux-gcc4.3.2-1002/support/lib/phusion_passenger/classic_rails/application_spawner.rb:270:in `handle_spawn_application'
/var/lib/passenger-standalone/3.0.0-x86_64-ruby1.8.7-linux-gcc4.3.2-1002/support/lib/phusion_passenger/abstract_server.rb:357:in `__send__'
/var/lib/passenger-standalone/3.0.0-x86_64-ruby1.8.7-linux-gcc4.3.2-1002/support/lib/phusion_passenger/abstract_server.rb:357:in `server_main_loop'
/var/lib/passenger-standalone/3.0.0-x86_64-ruby1.8.7-linux-gcc4.3.2-1002/support/lib/phusion_passenger/abstract_server.rb:206:in `start_synchronously'
/var/lib/passenger-standalone/3.0.0-x86_64-ruby1.8.7-linux-gcc4.3.2-1002/support/lib/phusion_passenger/abstract_server.rb:180:in `start'
/var/lib/passenger-standalone/3.0.0-x86_64-ruby1.8.7-linux-gcc4.3.2-1002/support/lib/phusion_passenger/classic_rails/application_spawner.rb:149:in `start'
/var/lib/passenger-standalone/3.0.0-x86_64-ruby1.8.7-linux-gcc4.3.2-1002/support/lib/phusion_passenger/spawn_manager.rb:219:in `spawn_rails_application'
/var/lib/passenger-standalone/3.0.0-x86_64-ruby1.8.7-linux-gcc4.3.2-1002/support/lib/phusion_passenger/abstract_server_collection.rb:132:in `lookup_or_add'
/var/lib/passenger-standalone/3.0.0-x86_64-ruby1.8.7-linux-gcc4.3.2-1002/support/lib/phusion_passenger/spawn_manager.rb:214:in `spawn_rails_application'
/var/lib/passenger-standalone/3.0.0-x86_64-ruby1.8.7-linux-gcc4.3.2-1002/support/lib/phusion_passenger/abstract_server_collection.rb:82:in `synchronize'
/var/lib/passenger-standalone/3.0.0-x86_64-ruby1.8.7-linux-gcc4.3.2-1002/support/lib/phusion_passenger/abstract_server_collection.rb:79:in `synchronize'
/var/lib/passenger-standalone/3.0.0-x86_64-ruby1.8.7-linux-gcc4.3.2-1002/support/lib/phusion_passenger/spawn_manager.rb:213:in `spawn_rails_application'
/var/lib/passenger-standalone/3.0.0-x86_64-ruby1.8.7-linux-gcc4.3.2-1002/support/lib/phusion_passenger/spawn_manager.rb:132:in `spawn_application'
/var/lib/passenger-standalone/3.0.0-x86_64-ruby1.8.7-linux-gcc4.3.2-1002/support/lib/phusion_passenger/spawn_manager.rb:275:in `handle_spawn_application'
/var/lib/passenger-standalone/3.0.0-x86_64-ruby1.8.7-linux-gcc4.3.2-1002/support/lib/phusion_passenger/abstract_server.rb:357:in `__send__'
/var/lib/passenger-standalone/3.0.0-x86_64-ruby1.8.7-linux-gcc4.3.2-1002/support/lib/phusion_passenger/abstract_server.rb:357:in `server_main_loop'
/var/lib/passenger-standalone/3.0.0-x86_64-ruby1.8.7-linux-gcc4.3.2-1002/support/lib/phusion_passenger/abstract_server.rb:206:in `start_synchronously'
/var/lib/passenger-standalone/3.0.0-x86_64-ruby1.8.7-linux-gcc4.3.2-1002/support/helper-scripts/passenger-spawn-server:99
DEPRECATION WARNING: Kernel#returning has been deprecated in favor of Object#tap. (called from gravatar_url at /var/www/tuvocabulario.local/vendor/plugins/gravatar/lib/gravatar.rb:71)
Stopping web server... done
/usr/local/rvm/gems/ree-1.8.7-2010.02/gems/passenger-3.0.0/lib/phusion_passenger/standalone/start_command.rb:447:in `initialize': No such file or directory - /var/run/tuvocabulario.sock (Errno::ENOENT)
	from /usr/local/rvm/gems/ree-1.8.7-2010.02/gems/passenger-3.0.0/lib/phusion_passenger/standalone/start_command.rb:447:in `new'
	from /usr/local/rvm/gems/ree-1.8.7-2010.02/gems/passenger-3.0.0/lib/phusion_passenger/standalone/start_command.rb:447:in `wait_until_nginx_has_exited'
	from /usr/local/rvm/gems/ree-1.8.7-2010.02/gems/passenger-3.0.0/lib/phusion_passenger/standalone/start_command.rb:80:in `run'
	from /usr/local/rvm/gems/ree-1.8.7-2010.02/gems/passenger-3.0.0/lib/phusion_passenger/standalone/main.rb:93:in `run_command'
	from /usr/local/rvm/gems/ree-1.8.7-2010.02/gems/passenger-3.0.0/lib/phusion_passenger/standalone/main.rb:48:in `each_command'
	from /usr/local/rvm/gems/ree-1.8.7-2010.02/gems/passenger-3.0.0/lib/phusion_passenger/standalone/main.rb:43:in `each'
	from /usr/local/rvm/gems/ree-1.8.7-2010.02/gems/passenger-3.0.0/lib/phusion_passenger/standalone/main.rb:43:in `each_command'
	from /usr/local/rvm/gems/ree-1.8.7-2010.02/gems/passenger-3.0.0/lib/phusion_passenger/standalone/main.rb:91:in `run_command'
	from /usr/local/rvm/gems/ree-1.8.7-2010.02/gems/passenger-3.0.0/lib/phusion_passenger/standalone/main.rb:62:in `run!'
	from /usr/local/rvm/gems/ree-1.8.7-2010.02/gems/passenger-3.0.0/lib/phusion_passenger/standalone/main.rb:39:in `run!'
	from /usr/local/rvm/gems/ree-1.8.7-2010.02/gems/passenger-3.0.0/bin/passenger:32
	from /usr/local/rvm/gems/ree-1.8.7-2010.02/bin/passenger:19:in `load'
	from /usr/local/rvm/gems/ree-1.8.7-2010.02/bin/passenger:19
The {{key}} interpolation syntax in I18n messages is deprecated. Please use %{key} instead.
/usr/local/rvm/gems/ree-1.8.7-2010.02/gems/i18n-0.4.1/lib/i18n/backend/base.rb:162:in `interpolate'
/usr/local/rvm/gems/ree-1.8.7-2010.02/gems/i18n-0.4.1/lib/i18n/backend/base.rb:157:in `gsub'
/usr/local/rvm/gems/ree-1.8.7-2010.02/gems/i18n-0.4.1/lib/i18n/backend/base.rb:157:in `interpolate'
/usr/local/rvm/gems/ree-1.8.7-2010.02/gems/i18n-0.4.1/lib/i18n/backend/base.rb:197:in `preserve_encoding'
/usr/local/rvm/gems/ree-1.8.7-2010.02/gems/i18n-0.4.1/lib/i18n/backend/base.rb:156:in `interpolate'
/usr/local/rvm/gems/ree-1.8.7-2010.02/gems/i18n-0.4.1/lib/i18n/backend/base.rb:49:in `translate'
/usr/local/rvm/gems/ree-1.8.7-2010.02/gems/i18n-0.4.1/lib/i18n.rb:152:in `t'
/usr/local/rvm/gems/ree-1.8.7-2010.02/gems/irwi-0.2.4/lib/irwi/helpers/wiki_pages_helper.rb:92:in `wt'
/usr/local/rvm/gems/ree-1.8.7-2010.02/gems/irwi-0.2.4/app/views/base_wiki_pages/_wiki_page_info.html.erb:2:in `_run_erb_47usr47local47rvm47gems47ree451468467452010460247gems47irwi45046246447app47views47base_wiki_pages47_wiki_page_info46html46erb_locals_object_page_wiki_page_info'
/usr/local/rvm/gems/ree-1.8.7-2010.02/gems/actionpack-2.3.10/lib/action_view/renderable.rb:34:in `send'
/usr/local/rvm/gems/ree-1.8.7-2010.02/gems/actionpack-2.3.10/lib/action_view/renderable.rb:34:in `render'
/usr/local/rvm/gems/ree-1.8.7-2010.02/gems/actionpack-2.3.10/lib/action_view/base.rb:306:in `with_template'
/usr/local/rvm/gems/ree-1.8.7-2010.02/gems/actionpack-2.3.10/lib/action_view/renderable.rb:30:in `render'
/usr/local/rvm/gems/ree-1.8.7-2010.02/gems/actionpack-2.3.10/lib/action_view/renderable_partial.rb:20:in `render'
/usr/local/rvm/gems/ree-1.8.7-2010.02/gems/actionpack-2.3.10/lib/action_controller/benchmarking.rb:26:in `benchmark'
/usr/local/rvm/gems/ree-1.8.7-2010.02/gems/activesupport-2.3.10/lib/active_support/core_ext/benchmark.rb:17:in `ms'
/usr/local/rvm/rubies/ree-1.8.7-2010.02/lib/ruby/1.8/benchmark.rb:308:in `realtime'
/usr/local/rvm/gems/ree-1.8.7-2010.02/gems/activesupport-2.3.10/lib/active_support/core_ext/benchmark.rb:17:in `ms'
/usr/local/rvm/gems/ree-1.8.7-2010.02/gems/actionpack-2.3.10/lib/action_controller/benchmarking.rb:26:in `benchmark'
/usr/local/rvm/gems/ree-1.8.7-2010.02/gems/actionpack-2.3.10/lib/action_view/renderable_partial.rb:19:in `render'
/usr/local/rvm/gems/ree-1.8.7-2010.02/gems/actionpack-2.3.10/lib/action_view/template.rb:205:in `render_template'
/usr/local/rvm/gems/ree-1.8.7-2010.02/gems/actionpack-2.3.10/lib/action_view/renderable_partial.rb:44:in `render_partial'
/usr/local/rvm/gems/ree-1.8.7-2010.02/gems/actionpack-2.3.10/lib/action_view/partials.rb:184:in `render_partial'
/usr/local/rvm/gems/ree-1.8.7-2010.02/gems/actionpack-2.3.10/lib/action_view/base.rb:267:in `render_without_haml'
/usr/local/rvm/gems/ree-1.8.7-2010.02/gems/haml-3.0.22/rails/../lib/haml/helpers/action_view_mods.rb:11:in `render'
/usr/local/rvm/gems/ree-1.8.7-2010.02/gems/haml-3.0.22/lib/haml/helpers.rb:90:in `non_haml'
/usr/local/rvm/gems/ree-1.8.7-2010.02/gems/haml-3.0.22/rails/../lib/haml/helpers/action_view_mods.rb:11:in `render'
/usr/local/rvm/gems/ree-1.8.7-2010.02/gems/irwi-0.2.4/lib/irwi/helpers/wiki_pages_helper.rb:102:in `wiki_page_info'
/var/www/tuvocabulario.local/app/views/base_wiki_pages/show.haml:9:in `_run_haml_app47views47base_wiki_pages47show46haml'
/usr/local/rvm/gems/ree-1.8.7-2010.02/gems/actionpack-2.3.10/lib/action_view/renderable.rb:34:in `send'
/usr/local/rvm/gems/ree-1.8.7-2010.02/gems/actionpack-2.3.10/lib/action_view/renderable.rb:34:in `render'
/usr/local/rvm/gems/ree-1.8.7-2010.02/gems/actionpack-2.3.10/lib/action_view/base.rb:306:in `with_template'
/usr/local/rvm/gems/ree-1.8.7-2010.02/gems/actionpack-2.3.10/lib/action_view/renderable.rb:30:in `render'
/usr/local/rvm/gems/ree-1.8.7-2010.02/gems/actionpack-2.3.10/lib/action_view/template.rb:205:in `render_template'
/usr/local/rvm/gems/ree-1.8.7-2010.02/gems/actionpack-2.3.10/lib/action_view/base.rb:265:in `render_without_haml'
/usr/local/rvm/gems/ree-1.8.7-2010.02/gems/haml-3.0.22/rails/../lib/haml/helpers/action_view_mods.rb:13:in `render'
/usr/local/rvm/gems/ree-1.8.7-2010.02/gems/actionpack-2.3.10/lib/action_view/base.rb:348:in `_render_with_layout'
/usr/local/rvm/gems/ree-1.8.7-2010.02/gems/actionpack-2.3.10/lib/action_view/base.rb:262:in `render_without_haml'
/usr/local/rvm/gems/ree-1.8.7-2010.02/gems/haml-3.0.22/rails/../lib/haml/helpers/action_view_mods.rb:13:in `render'
/usr/local/rvm/gems/ree-1.8.7-2010.02/gems/actionpack-2.3.10/lib/action_controller/base.rb:1252:in `render_for_file'
/usr/local/rvm/gems/ree-1.8.7-2010.02/gems/actionpack-2.3.10/lib/action_controller/base.rb:936:in `render_without_benchmark'
/usr/local/rvm/gems/ree-1.8.7-2010.02/gems/actionpack-2.3.10/lib/action_controller/benchmarking.rb:51:in `render'
/usr/local/rvm/gems/ree-1.8.7-2010.02/gems/activesupport-2.3.10/lib/active_support/core_ext/benchmark.rb:17:in `ms'
/usr/local/rvm/rubies/ree-1.8.7-2010.02/lib/ruby/1.8/benchmark.rb:308:in `realtime'
/usr/local/rvm/gems/ree-1.8.7-2010.02/gems/activesupport-2.3.10/lib/active_support/core_ext/benchmark.rb:17:in `ms'
/usr/local/rvm/gems/ree-1.8.7-2010.02/gems/actionpack-2.3.10/lib/action_controller/benchmarking.rb:51:in `render'
/usr/local/rvm/gems/ree-1.8.7-2010.02/gems/irwi-0.2.4/lib/irwi/extensions/controllers/wiki_pages.rb:109:in `render_template'
/usr/local/rvm/gems/ree-1.8.7-2010.02/gems/irwi-0.2.4/lib/irwi/extensions/controllers/wiki_pages.rb:23:in `show'
/usr/local/rvm/gems/ree-1.8.7-2010.02/gems/actionpack-2.3.10/lib/action_controller/base.rb:1333:in `send'
/usr/local/rvm/gems/ree-1.8.7-2010.02/gems/actionpack-2.3.10/lib/action_controller/base.rb:1333:in `perform_action_without_filters'
/usr/local/rvm/gems/ree-1.8.7-2010.02/gems/actionpack-2.3.10/lib/action_controller/filters.rb:617:in `call_filters'
/usr/local/rvm/gems/ree-1.8.7-2010.02/gems/actionpack-2.3.10/lib/action_controller/filters.rb:610:in `perform_action_without_benchmark'
/usr/local/rvm/gems/ree-1.8.7-2010.02/gems/actionpack-2.3.10/lib/action_controller/benchmarking.rb:68:in `perform_action_without_rescue'
/usr/local/rvm/gems/ree-1.8.7-2010.02/gems/activesupport-2.3.10/lib/active_support/core_ext/benchmark.rb:17:in `ms'
/usr/local/rvm/rubies/ree-1.8.7-2010.02/lib/ruby/1.8/benchmark.rb:308:in `realtime'
/usr/local/rvm/gems/ree-1.8.7-2010.02/gems/activesupport-2.3.10/lib/active_support/core_ext/benchmark.rb:17:in `ms'
/usr/local/rvm/gems/ree-1.8.7-2010.02/gems/actionpack-2.3.10/lib/action_controller/benchmarking.rb:68:in `perform_action_without_rescue'
/usr/local/rvm/gems/ree-1.8.7-2010.02/gems/actionpack-2.3.10/lib/action_controller/rescue.rb:160:in `perform_action_without_flash'
/usr/local/rvm/gems/ree-1.8.7-2010.02/gems/actionpack-2.3.10/lib/action_controller/flash.rb:151:in `perform_action'
/usr/local/rvm/gems/ree-1.8.7-2010.02/gems/actionpack-2.3.10/lib/action_controller/base.rb:532:in `send'
/usr/local/rvm/gems/ree-1.8.7-2010.02/gems/actionpack-2.3.10/lib/action_controller/base.rb:532:in `process_without_filters'
/usr/local/rvm/gems/ree-1.8.7-2010.02/gems/actionpack-2.3.10/lib/action_controller/filters.rb:606:in `process'
/usr/local/rvm/gems/ree-1.8.7-2010.02/gems/actionpack-2.3.10/lib/action_controller/base.rb:391:in `process'
/usr/local/rvm/gems/ree-1.8.7-2010.02/gems/actionpack-2.3.10/lib/action_controller/base.rb:386:in `call'
/usr/local/rvm/gems/ree-1.8.7-2010.02/gems/actionpack-2.3.10/lib/action_controller/routing/route_set.rb:438:in `call'
/usr/local/rvm/gems/ree-1.8.7-2010.02/gems/actionpack-2.3.10/lib/action_controller/dispatcher.rb:87:in `dispatch'
/usr/local/rvm/gems/ree-1.8.7-2010.02/gems/actionpack-2.3.10/lib/action_controller/dispatcher.rb:121:in `_call'
/usr/local/rvm/gems/ree-1.8.7-2010.02/gems/actionpack-2.3.10/lib/action_controller/dispatcher.rb:130:in `build_middleware_stack'
/usr/local/rvm/gems/ree-1.8.7-2010.02/gems/activerecord-2.3.10/lib/active_record/query_cache.rb:29:in `call'
/usr/local/rvm/gems/ree-1.8.7-2010.02/gems/activerecord-2.3.10/lib/active_record/query_cache.rb:29:in `call'
/usr/local/rvm/gems/ree-1.8.7-2010.02/gems/activerecord-2.3.10/lib/active_record/connection_adapters/abstract/query_cache.rb:34:in `cache'
/usr/local/rvm/gems/ree-1.8.7-2010.02/gems/activerecord-2.3.10/lib/active_record/query_cache.rb:9:in `cache'
/usr/local/rvm/gems/ree-1.8.7-2010.02/gems/activerecord-2.3.10/lib/active_record/query_cache.rb:28:in `call'
/usr/local/rvm/gems/ree-1.8.7-2010.02/gems/activerecord-2.3.10/lib/active_record/connection_adapters/abstract/connection_pool.rb:361:in `call'
/usr/local/rvm/gems/ree-1.8.7-2010.02/gems/haml-3.0.22/rails/../lib/sass/plugin/rack.rb:41:in `call'
/usr/local/rvm/gems/ree-1.8.7-2010.02/gems/actionpack-2.3.10/lib/action_controller/string_coercion.rb:25:in `call'
/usr/local/rvm/gems/ree-1.8.7-2010.02/gems/rack-1.1.0/lib/rack/head.rb:9:in `call'
/usr/local/rvm/gems/ree-1.8.7-2010.02/gems/rack-1.1.0/lib/rack/methodoverride.rb:24:in `call'
/usr/local/rvm/gems/ree-1.8.7-2010.02/gems/actionpack-2.3.10/lib/action_controller/params_parser.rb:15:in `call'
/usr/local/rvm/gems/ree-1.8.7-2010.02/gems/actionpack-2.3.10/lib/action_controller/session/cookie_store.rb:100:in `call'
/usr/local/rvm/gems/ree-1.8.7-2010.02/gems/actionpack-2.3.10/lib/action_controller/failsafe.rb:26:in `call'
/usr/local/rvm/gems/ree-1.8.7-2010.02/gems/rack-1.1.0/lib/rack/lock.rb:11:in `call'
/usr/local/rvm/gems/ree-1.8.7-2010.02/gems/rack-1.1.0/lib/rack/lock.rb:11:in `synchronize'
/usr/local/rvm/gems/ree-1.8.7-2010.02/gems/rack-1.1.0/lib/rack/lock.rb:11:in `call'
/usr/local/rvm/gems/ree-1.8.7-2010.02/gems/actionpack-2.3.10/lib/action_controller/dispatcher.rb:114:in `call'
/usr/local/rvm/gems/ree-1.8.7-2010.02/gems/actionpack-2.3.10/lib/action_controller/reloader.rb:34:in `run'
/usr/local/rvm/gems/ree-1.8.7-2010.02/gems/actionpack-2.3.10/lib/action_controller/dispatcher.rb:108:in `call'
/var/lib/passenger-standalone/3.0.0-x86_64-ruby1.8.7-linux-gcc4.3.2-1002/support/lib/phusion_passenger/rack/request_handler.rb:96:in `process_request'
/var/lib/passenger-standalone/3.0.0-x86_64-ruby1.8.7-linux-gcc4.3.2-1002/support/lib/phusion_passenger/abstract_request_handler.rb:513:in `accept_and_process_next_request'
/var/lib/passenger-standalone/3.0.0-x86_64-ruby1.8.7-linux-gcc4.3.2-1002/support/lib/phusion_passenger/abstract_request_handler.rb:274:in `main_loop'
/var/lib/passenger-standalone/3.0.0-x86_64-ruby1.8.7-linux-gcc4.3.2-1002/support/lib/phusion_passenger/classic_rails/application_spawner.rb:321:in `start_request_handler'
/var/lib/passenger-standalone/3.0.0-x86_64-ruby1.8.7-linux-gcc4.3.2-1002/support/lib/phusion_passenger/classic_rails/application_spawner.rb:275:in `send'
/var/lib/passenger-standalone/3.0.0-x86_64-ruby1.8.7-linux-gcc4.3.2-1002/support/lib/phusion_passenger/classic_rails/application_spawner.rb:275:in `handle_spawn_application'
/var/lib/passenger-standalone/3.0.0-x86_64-ruby1.8.7-linux-gcc4.3.2-1002/support/lib/phusion_passenger/utils.rb:479:in `safe_fork'
/var/lib/passenger-standalone/3.0.0-x86_64-ruby1.8.7-linux-gcc4.3.2-1002/support/lib/phusion_passenger/classic_rails/application_spawner.rb:270:in `handle_spawn_application'
/var/lib/passenger-standalone/3.0.0-x86_64-ruby1.8.7-linux-gcc4.3.2-1002/support/lib/phusion_passenger/abstract_server.rb:357:in `__send__'
/var/lib/passenger-standalone/3.0.0-x86_64-ruby1.8.7-linux-gcc4.3.2-1002/support/lib/phusion_passenger/abstract_server.rb:357:in `server_main_loop'
/var/lib/passenger-standalone/3.0.0-x86_64-ruby1.8.7-linux-gcc4.3.2-1002/support/lib/phusion_passenger/abstract_server.rb:206:in `start_synchronously'
/var/lib/passenger-standalone/3.0.0-x86_64-ruby1.8.7-linux-gcc4.3.2-1002/support/lib/phusion_passenger/abstract_server.rb:180:in `start'
/var/lib/passenger-standalone/3.0.0-x86_64-ruby1.8.7-linux-gcc4.3.2-1002/support/lib/phusion_passenger/classic_rails/application_spawner.rb:149:in `start'
/var/lib/passenger-standalone/3.0.0-x86_64-ruby1.8.7-linux-gcc4.3.2-1002/support/lib/phusion_passenger/spawn_manager.rb:219:in `spawn_rails_application'
/var/lib/passenger-standalone/3.0.0-x86_64-ruby1.8.7-linux-gcc4.3.2-1002/support/lib/phusion_passenger/abstract_server_collection.rb:132:in `lookup_or_add'
/var/lib/passenger-standalone/3.0.0-x86_64-ruby1.8.7-linux-gcc4.3.2-1002/support/lib/phusion_passenger/spawn_manager.rb:214:in `spawn_rails_application'
/var/lib/passenger-standalone/3.0.0-x86_64-ruby1.8.7-linux-gcc4.3.2-1002/support/lib/phusion_passenger/abstract_server_collection.rb:82:in `synchronize'
/var/lib/passenger-standalone/3.0.0-x86_64-ruby1.8.7-linux-gcc4.3.2-1002/support/lib/phusion_passenger/abstract_server_collection.rb:79:in `synchronize'
/var/lib/passenger-standalone/3.0.0-x86_64-ruby1.8.7-linux-gcc4.3.2-1002/support/lib/phusion_passenger/spawn_manager.rb:213:in `spawn_rails_application'
/var/lib/passenger-standalone/3.0.0-x86_64-ruby1.8.7-linux-gcc4.3.2-1002/support/lib/phusion_passenger/spawn_manager.rb:132:in `spawn_application'
/var/lib/passenger-standalone/3.0.0-x86_64-ruby1.8.7-linux-gcc4.3.2-1002/support/lib/phusion_passenger/spawn_manager.rb:275:in `handle_spawn_application'
/var/lib/passenger-standalone/3.0.0-x86_64-ruby1.8.7-linux-gcc4.3.2-1002/support/lib/phusion_passenger/abstract_server.rb:357:in `__send__'
/var/lib/passenger-standalone/3.0.0-x86_64-ruby1.8.7-linux-gcc4.3.2-1002/support/lib/phusion_passenger/abstract_server.rb:357:in `server_main_loop'
/var/lib/passenger-standalone/3.0.0-x86_64-ruby1.8.7-linux-gcc4.3.2-1002/support/lib/phusion_passenger/abstract_server.rb:206:in `start_synchronously'
/var/lib/passenger-standalone/3.0.0-x86_64-ruby1.8.7-linux-gcc4.3.2-1002/support/helper-scripts/passenger-spawn-server:99
The {{key}} interpolation syntax in I18n messages is deprecated. Please use %{key} instead.
/usr/local/rvm/gems/ree-1.8.7-2010.02/gems/i18n-0.4.1/lib/i18n/backend/base.rb:162:in `interpolate'
/usr/local/rvm/gems/ree-1.8.7-2010.02/gems/i18n-0.4.1/lib/i18n/backend/base.rb:157:in `gsub'
/usr/local/rvm/gems/ree-1.8.7-2010.02/gems/i18n-0.4.1/lib/i18n/backend/base.rb:157:in `interpolate'
/usr/local/rvm/gems/ree-1.8.7-2010.02/gems/i18n-0.4.1/lib/i18n/backend/base.rb:197:in `preserve_encoding'
/usr/local/rvm/gems/ree-1.8.7-2010.02/gems/i18n-0.4.1/lib/i18n/backend/base.rb:156:in `interpolate'
/usr/local/rvm/gems/ree-1.8.7-2010.02/gems/i18n-0.4.1/lib/i18n/backend/base.rb:49:in `translate'
/usr/local/rvm/gems/ree-1.8.7-2010.02/gems/i18n-0.4.1/lib/i18n.rb:152:in `t'
/usr/local/rvm/gems/ree-1.8.7-2010.02/gems/irwi-0.2.4/lib/irwi/helpers/wiki_pages_helper.rb:92:in `wt'
/usr/local/rvm/gems/ree-1.8.7-2010.02/gems/irwi-0.2.4/app/views/base_wiki_pages/_wiki_page_info.html.erb:2:in `_run_erb_47usr47local47rvm47gems47ree451468467452010460247gems47irwi45046246447app47views47base_wiki_pages47_wiki_page_info46html46erb_locals_object_page_wiki_page_info'
/usr/local/rvm/gems/ree-1.8.7-2010.02/gems/actionpack-2.3.10/lib/action_view/renderable.rb:34:in `send'
/usr/local/rvm/gems/ree-1.8.7-2010.02/gems/actionpack-2.3.10/lib/action_view/renderable.rb:34:in `render'
/usr/local/rvm/gems/ree-1.8.7-2010.02/gems/actionpack-2.3.10/lib/action_view/base.rb:306:in `with_template'
/usr/local/rvm/gems/ree-1.8.7-2010.02/gems/actionpack-2.3.10/lib/action_view/renderable.rb:30:in `render'
/usr/local/rvm/gems/ree-1.8.7-2010.02/gems/actionpack-2.3.10/lib/action_view/renderable_partial.rb:20:in `render'
/usr/local/rvm/gems/ree-1.8.7-2010.02/gems/actionpack-2.3.10/lib/action_controller/benchmarking.rb:26:in `benchmark'
/usr/local/rvm/gems/ree-1.8.7-2010.02/gems/activesupport-2.3.10/lib/active_support/core_ext/benchmark.rb:17:in `ms'
/usr/local/rvm/rubies/ree-1.8.7-2010.02/lib/ruby/1.8/benchmark.rb:308:in `realtime'
/usr/local/rvm/gems/ree-1.8.7-2010.02/gems/activesupport-2.3.10/lib/active_support/core_ext/benchmark.rb:17:in `ms'
/usr/local/rvm/gems/ree-1.8.7-2010.02/gems/actionpack-2.3.10/lib/action_controller/benchmarking.rb:26:in `benchmark'
/usr/local/rvm/gems/ree-1.8.7-2010.02/gems/actionpack-2.3.10/lib/action_view/renderable_partial.rb:19:in `render'
/usr/local/rvm/gems/ree-1.8.7-2010.02/gems/actionpack-2.3.10/lib/action_view/template.rb:205:in `render_template'
/usr/local/rvm/gems/ree-1.8.7-2010.02/gems/actionpack-2.3.10/lib/action_view/renderable_partial.rb:44:in `render_partial'
/usr/local/rvm/gems/ree-1.8.7-2010.02/gems/actionpack-2.3.10/lib/action_view/partials.rb:184:in `render_partial'
/usr/local/rvm/gems/ree-1.8.7-2010.02/gems/actionpack-2.3.10/lib/action_view/base.rb:267:in `render_without_haml'
/usr/local/rvm/gems/ree-1.8.7-2010.02/gems/haml-3.0.22/rails/../lib/haml/helpers/action_view_mods.rb:11:in `render'
/usr/local/rvm/gems/ree-1.8.7-2010.02/gems/haml-3.0.22/lib/haml/helpers.rb:90:in `non_haml'
/usr/local/rvm/gems/ree-1.8.7-2010.02/gems/haml-3.0.22/rails/../lib/haml/helpers/action_view_mods.rb:11:in `render'
/usr/local/rvm/gems/ree-1.8.7-2010.02/gems/irwi-0.2.4/lib/irwi/helpers/wiki_pages_helper.rb:102:in `wiki_page_info'
/var/www/tuvocabulario.local/app/views/base_wiki_pages/show.haml:9:in `_run_haml_app47views47base_wiki_pages47show46haml'
/usr/local/rvm/gems/ree-1.8.7-2010.02/gems/actionpack-2.3.10/lib/action_view/renderable.rb:34:in `send'
/usr/local/rvm/gems/ree-1.8.7-2010.02/gems/actionpack-2.3.10/lib/action_view/renderable.rb:34:in `render'
/usr/local/rvm/gems/ree-1.8.7-2010.02/gems/actionpack-2.3.10/lib/action_view/base.rb:306:in `with_template'
/usr/local/rvm/gems/ree-1.8.7-2010.02/gems/actionpack-2.3.10/lib/action_view/renderable.rb:30:in `render'
/usr/local/rvm/gems/ree-1.8.7-2010.02/gems/actionpack-2.3.10/lib/action_view/template.rb:205:in `render_template'
/usr/local/rvm/gems/ree-1.8.7-2010.02/gems/actionpack-2.3.10/lib/action_view/base.rb:265:in `render_without_haml'
/usr/local/rvm/gems/ree-1.8.7-2010.02/gems/haml-3.0.22/rails/../lib/haml/helpers/action_view_mods.rb:13:in `render'
/usr/local/rvm/gems/ree-1.8.7-2010.02/gems/actionpack-2.3.10/lib/action_view/base.rb:348:in `_render_with_layout'
/usr/local/rvm/gems/ree-1.8.7-2010.02/gems/actionpack-2.3.10/lib/action_view/base.rb:262:in `render_without_haml'
/usr/local/rvm/gems/ree-1.8.7-2010.02/gems/haml-3.0.22/rails/../lib/haml/helpers/action_view_mods.rb:13:in `render'
/usr/local/rvm/gems/ree-1.8.7-2010.02/gems/actionpack-2.3.10/lib/action_controller/base.rb:1252:in `render_for_file'
/usr/local/rvm/gems/ree-1.8.7-2010.02/gems/actionpack-2.3.10/lib/action_controller/base.rb:936:in `render_without_benchmark'
/usr/local/rvm/gems/ree-1.8.7-2010.02/gems/actionpack-2.3.10/lib/action_controller/benchmarking.rb:51:in `render'
/usr/local/rvm/gems/ree-1.8.7-2010.02/gems/activesupport-2.3.10/lib/active_support/core_ext/benchmark.rb:17:in `ms'
/usr/local/rvm/rubies/ree-1.8.7-2010.02/lib/ruby/1.8/benchmark.rb:308:in `realtime'
/usr/local/rvm/gems/ree-1.8.7-2010.02/gems/activesupport-2.3.10/lib/active_support/core_ext/benchmark.rb:17:in `ms'
/usr/local/rvm/gems/ree-1.8.7-2010.02/gems/actionpack-2.3.10/lib/action_controller/benchmarking.rb:51:in `render'
/usr/local/rvm/gems/ree-1.8.7-2010.02/gems/irwi-0.2.4/lib/irwi/extensions/controllers/wiki_pages.rb:109:in `render_template'
/usr/local/rvm/gems/ree-1.8.7-2010.02/gems/irwi-0.2.4/lib/irwi/extensions/controllers/wiki_pages.rb:23:in `show'
/usr/local/rvm/gems/ree-1.8.7-2010.02/gems/actionpack-2.3.10/lib/action_controller/base.rb:1333:in `send'
/usr/local/rvm/gems/ree-1.8.7-2010.02/gems/actionpack-2.3.10/lib/action_controller/base.rb:1333:in `perform_action_without_filters'
/usr/local/rvm/gems/ree-1.8.7-2010.02/gems/actionpack-2.3.10/lib/action_controller/filters.rb:617:in `call_filters'
/usr/local/rvm/gems/ree-1.8.7-2010.02/gems/actionpack-2.3.10/lib/action_controller/filters.rb:610:in `perform_action_without_benchmark'
/usr/local/rvm/gems/ree-1.8.7-2010.02/gems/actionpack-2.3.10/lib/action_controller/benchmarking.rb:68:in `perform_action_without_rescue'
/usr/local/rvm/gems/ree-1.8.7-2010.02/gems/activesupport-2.3.10/lib/active_support/core_ext/benchmark.rb:17:in `ms'
/usr/local/rvm/rubies/ree-1.8.7-2010.02/lib/ruby/1.8/benchmark.rb:308:in `realtime'
/usr/local/rvm/gems/ree-1.8.7-2010.02/gems/activesupport-2.3.10/lib/active_support/core_ext/benchmark.rb:17:in `ms'
/usr/local/rvm/gems/ree-1.8.7-2010.02/gems/actionpack-2.3.10/lib/action_controller/benchmarking.rb:68:in `perform_action_without_rescue'
/usr/local/rvm/gems/ree-1.8.7-2010.02/gems/actionpack-2.3.10/lib/action_controller/rescue.rb:160:in `perform_action_without_flash'
/usr/local/rvm/gems/ree-1.8.7-2010.02/gems/actionpack-2.3.10/lib/action_controller/flash.rb:151:in `perform_action'
/usr/local/rvm/gems/ree-1.8.7-2010.02/gems/actionpack-2.3.10/lib/action_controller/base.rb:532:in `send'
/usr/local/rvm/gems/ree-1.8.7-2010.02/gems/actionpack-2.3.10/lib/action_controller/base.rb:532:in `process_without_filters'
/usr/local/rvm/gems/ree-1.8.7-2010.02/gems/actionpack-2.3.10/lib/action_controller/filters.rb:606:in `process'
/usr/local/rvm/gems/ree-1.8.7-2010.02/gems/actionpack-2.3.10/lib/action_controller/base.rb:391:in `process'
/usr/local/rvm/gems/ree-1.8.7-2010.02/gems/actionpack-2.3.10/lib/action_controller/base.rb:386:in `call'
/usr/local/rvm/gems/ree-1.8.7-2010.02/gems/actionpack-2.3.10/lib/action_controller/routing/route_set.rb:438:in `call'
/usr/local/rvm/gems/ree-1.8.7-2010.02/gems/actionpack-2.3.10/lib/action_controller/dispatcher.rb:87:in `dispatch'
/usr/local/rvm/gems/ree-1.8.7-2010.02/gems/actionpack-2.3.10/lib/action_controller/dispatcher.rb:121:in `_call'
/usr/local/rvm/gems/ree-1.8.7-2010.02/gems/actionpack-2.3.10/lib/action_controller/dispatcher.rb:130:in `build_middleware_stack'
/usr/local/rvm/gems/ree-1.8.7-2010.02/gems/activerecord-2.3.10/lib/active_record/query_cache.rb:29:in `call'
/usr/local/rvm/gems/ree-1.8.7-2010.02/gems/activerecord-2.3.10/lib/active_record/query_cache.rb:29:in `call'
/usr/local/rvm/gems/ree-1.8.7-2010.02/gems/activerecord-2.3.10/lib/active_record/connection_adapters/abstract/query_cache.rb:34:in `cache'
/usr/local/rvm/gems/ree-1.8.7-2010.02/gems/activerecord-2.3.10/lib/active_record/query_cache.rb:9:in `cache'
/usr/local/rvm/gems/ree-1.8.7-2010.02/gems/activerecord-2.3.10/lib/active_record/query_cache.rb:28:in `call'
/usr/local/rvm/gems/ree-1.8.7-2010.02/gems/activerecord-2.3.10/lib/active_record/connection_adapters/abstract/connection_pool.rb:361:in `call'
/usr/local/rvm/gems/ree-1.8.7-2010.02/gems/haml-3.0.22/rails/../lib/sass/plugin/rack.rb:41:in `call'
/usr/local/rvm/gems/ree-1.8.7-2010.02/gems/actionpack-2.3.10/lib/action_controller/string_coercion.rb:25:in `call'
/usr/local/rvm/gems/ree-1.8.7-2010.02/gems/rack-1.1.0/lib/rack/head.rb:9:in `call'
/usr/local/rvm/gems/ree-1.8.7-2010.02/gems/rack-1.1.0/lib/rack/methodoverride.rb:24:in `call'
/usr/local/rvm/gems/ree-1.8.7-2010.02/gems/actionpack-2.3.10/lib/action_controller/params_parser.rb:15:in `call'
/usr/local/rvm/gems/ree-1.8.7-2010.02/gems/actionpack-2.3.10/lib/action_controller/session/cookie_store.rb:100:in `call'
/usr/local/rvm/gems/ree-1.8.7-2010.02/gems/actionpack-2.3.10/lib/action_controller/failsafe.rb:26:in `call'
/usr/local/rvm/gems/ree-1.8.7-2010.02/gems/rack-1.1.0/lib/rack/lock.rb:11:in `call'
/usr/local/rvm/gems/ree-1.8.7-2010.02/gems/rack-1.1.0/lib/rack/lock.rb:11:in `synchronize'
/usr/local/rvm/gems/ree-1.8.7-2010.02/gems/rack-1.1.0/lib/rack/lock.rb:11:in `call'
/usr/local/rvm/gems/ree-1.8.7-2010.02/gems/actionpack-2.3.10/lib/action_controller/dispatcher.rb:114:in `call'
/usr/local/rvm/gems/ree-1.8.7-2010.02/gems/actionpack-2.3.10/lib/action_controller/reloader.rb:34:in `run'
/usr/local/rvm/gems/ree-1.8.7-2010.02/gems/actionpack-2.3.10/lib/action_controller/dispatcher.rb:108:in `call'
/var/lib/passenger-standalone/3.0.0-x86_64-ruby1.8.7-linux-gcc4.3.2-1002/support/lib/phusion_passenger/rack/request_handler.rb:96:in `process_request'
/var/lib/passenger-standalone/3.0.0-x86_64-ruby1.8.7-linux-gcc4.3.2-1002/support/lib/phusion_passenger/abstract_request_handler.rb:513:in `accept_and_process_next_request'
/var/lib/passenger-standalone/3.0.0-x86_64-ruby1.8.7-linux-gcc4.3.2-1002/support/lib/phusion_passenger/abstract_request_handler.rb:274:in `main_loop'
/var/lib/passenger-standalone/3.0.0-x86_64-ruby1.8.7-linux-gcc4.3.2-1002/support/lib/phusion_passenger/classic_rails/application_spawner.rb:321:in `start_request_handler'
/var/lib/passenger-standalone/3.0.0-x86_64-ruby1.8.7-linux-gcc4.3.2-1002/support/lib/phusion_passenger/classic_rails/application_spawner.rb:275:in `send'
/var/lib/passenger-standalone/3.0.0-x86_64-ruby1.8.7-linux-gcc4.3.2-1002/support/lib/phusion_passenger/classic_rails/application_spawner.rb:275:in `handle_spawn_application'
/var/lib/passenger-standalone/3.0.0-x86_64-ruby1.8.7-linux-gcc4.3.2-1002/support/lib/phusion_passenger/utils.rb:479:in `safe_fork'
/var/lib/passenger-standalone/3.0.0-x86_64-ruby1.8.7-linux-gcc4.3.2-1002/support/lib/phusion_passenger/classic_rails/application_spawner.rb:270:in `handle_spawn_application'
/var/lib/passenger-standalone/3.0.0-x86_64-ruby1.8.7-linux-gcc4.3.2-1002/support/lib/phusion_passenger/abstract_server.rb:357:in `__send__'
/var/lib/passenger-standalone/3.0.0-x86_64-ruby1.8.7-linux-gcc4.3.2-1002/support/lib/phusion_passenger/abstract_server.rb:357:in `server_main_loop'
/var/lib/passenger-standalone/3.0.0-x86_64-ruby1.8.7-linux-gcc4.3.2-1002/support/lib/phusion_passenger/abstract_server.rb:206:in `start_synchronously'
/var/lib/passenger-standalone/3.0.0-x86_64-ruby1.8.7-linux-gcc4.3.2-1002/support/lib/phusion_passenger/abstract_server.rb:180:in `start'
/var/lib/passenger-standalone/3.0.0-x86_64-ruby1.8.7-linux-gcc4.3.2-1002/support/lib/phusion_passenger/classic_rails/application_spawner.rb:149:in `start'
/var/lib/passenger-standalone/3.0.0-x86_64-ruby1.8.7-linux-gcc4.3.2-1002/support/lib/phusion_passenger/spawn_manager.rb:219:in `spawn_rails_application'
/var/lib/passenger-standalone/3.0.0-x86_64-ruby1.8.7-linux-gcc4.3.2-1002/support/lib/phusion_passenger/abstract_server_collection.rb:132:in `lookup_or_add'
/var/lib/passenger-standalone/3.0.0-x86_64-ruby1.8.7-linux-gcc4.3.2-1002/support/lib/phusion_passenger/spawn_manager.rb:214:in `spawn_rails_application'
/var/lib/passenger-standalone/3.0.0-x86_64-ruby1.8.7-linux-gcc4.3.2-1002/support/lib/phusion_passenger/abstract_server_collection.rb:82:in `synchronize'
/var/lib/passenger-standalone/3.0.0-x86_64-ruby1.8.7-linux-gcc4.3.2-1002/support/lib/phusion_passenger/abstract_server_collection.rb:79:in `synchronize'
/var/lib/passenger-standalone/3.0.0-x86_64-ruby1.8.7-linux-gcc4.3.2-1002/support/lib/phusion_passenger/spawn_manager.rb:213:in `spawn_rails_application'
/var/lib/passenger-standalone/3.0.0-x86_64-ruby1.8.7-linux-gcc4.3.2-1002/support/lib/phusion_passenger/spawn_manager.rb:132:in `spawn_application'
/var/lib/passenger-standalone/3.0.0-x86_64-ruby1.8.7-linux-gcc4.3.2-1002/support/lib/phusion_passenger/spawn_manager.rb:275:in `handle_spawn_application'
/var/lib/passenger-standalone/3.0.0-x86_64-ruby1.8.7-linux-gcc4.3.2-1002/support/lib/phusion_passenger/abstract_server.rb:357:in `__send__'
/var/lib/passenger-standalone/3.0.0-x86_64-ruby1.8.7-linux-gcc4.3.2-1002/support/lib/phusion_passenger/abstract_server.rb:357:in `server_main_loop'
/var/lib/passenger-standalone/3.0.0-x86_64-ruby1.8.7-linux-gcc4.3.2-1002/support/lib/phusion_passenger/abstract_server.rb:206:in `start_synchronously'
/var/lib/passenger-standalone/3.0.0-x86_64-ruby1.8.7-linux-gcc4.3.2-1002/support/helper-scripts/passenger-spawn-server:99
The {{key}} interpolation syntax in I18n messages is deprecated. Please use %{key} instead.
/usr/local/rvm/gems/ree-1.8.7-2010.02/gems/i18n-0.4.1/lib/i18n/backend/base.rb:162:in `interpolate'
/usr/local/rvm/gems/ree-1.8.7-2010.02/gems/i18n-0.4.1/lib/i18n/backend/base.rb:157:in `gsub'
/usr/local/rvm/gems/ree-1.8.7-2010.02/gems/i18n-0.4.1/lib/i18n/backend/base.rb:157:in `interpolate'
/usr/local/rvm/gems/ree-1.8.7-2010.02/gems/i18n-0.4.1/lib/i18n/backend/base.rb:197:in `preserve_encoding'
/usr/local/rvm/gems/ree-1.8.7-2010.02/gems/i18n-0.4.1/lib/i18n/backend/base.rb:156:in `interpolate'
/usr/local/rvm/gems/ree-1.8.7-2010.02/gems/i18n-0.4.1/lib/i18n/backend/base.rb:49:in `translate'
/usr/local/rvm/gems/ree-1.8.7-2010.02/gems/i18n-0.4.1/lib/i18n.rb:152:in `t'
/usr/local/rvm/gems/ree-1.8.7-2010.02/gems/irwi-0.2.4/lib/irwi/helpers/wiki_pages_helper.rb:92:in `wt'
/usr/local/rvm/gems/ree-1.8.7-2010.02/gems/irwi-0.2.4/app/views/base_wiki_pages/_wiki_page_info.html.erb:2:in `_run_erb_47usr47local47rvm47gems47ree451468467452010460247gems47irwi45046246447app47views47base_wiki_pages47_wiki_page_info46html46erb_locals_object_page_wiki_page_info'
/usr/local/rvm/gems/ree-1.8.7-2010.02/gems/actionpack-2.3.10/lib/action_view/renderable.rb:34:in `send'
/usr/local/rvm/gems/ree-1.8.7-2010.02/gems/actionpack-2.3.10/lib/action_view/renderable.rb:34:in `render'
/usr/local/rvm/gems/ree-1.8.7-2010.02/gems/actionpack-2.3.10/lib/action_view/base.rb:306:in `with_template'
/usr/local/rvm/gems/ree-1.8.7-2010.02/gems/actionpack-2.3.10/lib/action_view/renderable.rb:30:in `render'
/usr/local/rvm/gems/ree-1.8.7-2010.02/gems/actionpack-2.3.10/lib/action_view/renderable_partial.rb:20:in `render'
/usr/local/rvm/gems/ree-1.8.7-2010.02/gems/actionpack-2.3.10/lib/action_controller/benchmarking.rb:26:in `benchmark'
/usr/local/rvm/gems/ree-1.8.7-2010.02/gems/activesupport-2.3.10/lib/active_support/core_ext/benchmark.rb:17:in `ms'
/usr/local/rvm/rubies/ree-1.8.7-2010.02/lib/ruby/1.8/benchmark.rb:308:in `realtime'
/usr/local/rvm/gems/ree-1.8.7-2010.02/gems/activesupport-2.3.10/lib/active_support/core_ext/benchmark.rb:17:in `ms'
/usr/local/rvm/gems/ree-1.8.7-2010.02/gems/actionpack-2.3.10/lib/action_controller/benchmarking.rb:26:in `benchmark'
/usr/local/rvm/gems/ree-1.8.7-2010.02/gems/actionpack-2.3.10/lib/action_view/renderable_partial.rb:19:in `render'
/usr/local/rvm/gems/ree-1.8.7-2010.02/gems/actionpack-2.3.10/lib/action_view/template.rb:205:in `render_template'
/usr/local/rvm/gems/ree-1.8.7-2010.02/gems/actionpack-2.3.10/lib/action_view/renderable_partial.rb:44:in `render_partial'
/usr/local/rvm/gems/ree-1.8.7-2010.02/gems/actionpack-2.3.10/lib/action_view/partials.rb:184:in `render_partial'
/usr/local/rvm/gems/ree-1.8.7-2010.02/gems/actionpack-2.3.10/lib/action_view/base.rb:267:in `render_without_haml'
/usr/local/rvm/gems/ree-1.8.7-2010.02/gems/haml-3.0.22/rails/../lib/haml/helpers/action_view_mods.rb:11:in `render'
/usr/local/rvm/gems/ree-1.8.7-2010.02/gems/haml-3.0.22/lib/haml/helpers.rb:90:in `non_haml'
/usr/local/rvm/gems/ree-1.8.7-2010.02/gems/haml-3.0.22/rails/../lib/haml/helpers/action_view_mods.rb:11:in `render'
/usr/local/rvm/gems/ree-1.8.7-2010.02/gems/irwi-0.2.4/lib/irwi/helpers/wiki_pages_helper.rb:102:in `wiki_page_info'
/var/www/tuvocabulario.local/app/views/base_wiki_pages/show.haml:9:in `_run_haml_app47views47base_wiki_pages47show46haml'
/usr/local/rvm/gems/ree-1.8.7-2010.02/gems/actionpack-2.3.10/lib/action_view/renderable.rb:34:in `send'
/usr/local/rvm/gems/ree-1.8.7-2010.02/gems/actionpack-2.3.10/lib/action_view/renderable.rb:34:in `render'
/usr/local/rvm/gems/ree-1.8.7-2010.02/gems/actionpack-2.3.10/lib/action_view/base.rb:306:in `with_template'
/usr/local/rvm/gems/ree-1.8.7-2010.02/gems/actionpack-2.3.10/lib/action_view/renderable.rb:30:in `render'
/usr/local/rvm/gems/ree-1.8.7-2010.02/gems/actionpack-2.3.10/lib/action_view/template.rb:205:in `render_template'
/usr/local/rvm/gems/ree-1.8.7-2010.02/gems/actionpack-2.3.10/lib/action_view/base.rb:265:in `render_without_haml'
/usr/local/rvm/gems/ree-1.8.7-2010.02/gems/haml-3.0.22/rails/../lib/haml/helpers/action_view_mods.rb:13:in `render'
/usr/local/rvm/gems/ree-1.8.7-2010.02/gems/actionpack-2.3.10/lib/action_view/base.rb:348:in `_render_with_layout'
/usr/local/rvm/gems/ree-1.8.7-2010.02/gems/actionpack-2.3.10/lib/action_view/base.rb:262:in `render_without_haml'
/usr/local/rvm/gems/ree-1.8.7-2010.02/gems/haml-3.0.22/rails/../lib/haml/helpers/action_view_mods.rb:13:in `render'
/usr/local/rvm/gems/ree-1.8.7-2010.02/gems/actionpack-2.3.10/lib/action_controller/base.rb:1252:in `render_for_file'
/usr/local/rvm/gems/ree-1.8.7-2010.02/gems/actionpack-2.3.10/lib/action_controller/base.rb:936:in `render_without_benchmark'
/usr/local/rvm/gems/ree-1.8.7-2010.02/gems/actionpack-2.3.10/lib/action_controller/benchmarking.rb:51:in `render'
/usr/local/rvm/gems/ree-1.8.7-2010.02/gems/activesupport-2.3.10/lib/active_support/core_ext/benchmark.rb:17:in `ms'
/usr/local/rvm/rubies/ree-1.8.7-2010.02/lib/ruby/1.8/benchmark.rb:308:in `realtime'
/usr/local/rvm/gems/ree-1.8.7-2010.02/gems/activesupport-2.3.10/lib/active_support/core_ext/benchmark.rb:17:in `ms'
/usr/local/rvm/gems/ree-1.8.7-2010.02/gems/actionpack-2.3.10/lib/action_controller/benchmarking.rb:51:in `render'
/usr/local/rvm/gems/ree-1.8.7-2010.02/gems/irwi-0.2.4/lib/irwi/extensions/controllers/wiki_pages.rb:109:in `render_template'
/usr/local/rvm/gems/ree-1.8.7-2010.02/gems/irwi-0.2.4/lib/irwi/extensions/controllers/wiki_pages.rb:23:in `show'
/usr/local/rvm/gems/ree-1.8.7-2010.02/gems/actionpack-2.3.10/lib/action_controller/base.rb:1333:in `send'
/usr/local/rvm/gems/ree-1.8.7-2010.02/gems/actionpack-2.3.10/lib/action_controller/base.rb:1333:in `perform_action_without_filters'
/usr/local/rvm/gems/ree-1.8.7-2010.02/gems/actionpack-2.3.10/lib/action_controller/filters.rb:617:in `call_filters'
/usr/local/rvm/gems/ree-1.8.7-2010.02/gems/actionpack-2.3.10/lib/action_controller/filters.rb:610:in `perform_action_without_benchmark'
/usr/local/rvm/gems/ree-1.8.7-2010.02/gems/actionpack-2.3.10/lib/action_controller/benchmarking.rb:68:in `perform_action_without_rescue'
/usr/local/rvm/gems/ree-1.8.7-2010.02/gems/activesupport-2.3.10/lib/active_support/core_ext/benchmark.rb:17:in `ms'
/usr/local/rvm/rubies/ree-1.8.7-2010.02/lib/ruby/1.8/benchmark.rb:308:in `realtime'
/usr/local/rvm/gems/ree-1.8.7-2010.02/gems/activesupport-2.3.10/lib/active_support/core_ext/benchmark.rb:17:in `ms'
/usr/local/rvm/gems/ree-1.8.7-2010.02/gems/actionpack-2.3.10/lib/action_controller/benchmarking.rb:68:in `perform_action_without_rescue'
/usr/local/rvm/gems/ree-1.8.7-2010.02/gems/actionpack-2.3.10/lib/action_controller/rescue.rb:160:in `perform_action_without_flash'
/usr/local/rvm/gems/ree-1.8.7-2010.02/gems/actionpack-2.3.10/lib/action_controller/flash.rb:151:in `perform_action'
/usr/local/rvm/gems/ree-1.8.7-2010.02/gems/actionpack-2.3.10/lib/action_controller/base.rb:532:in `send'
/usr/local/rvm/gems/ree-1.8.7-2010.02/gems/actionpack-2.3.10/lib/action_controller/base.rb:532:in `process_without_filters'
/usr/local/rvm/gems/ree-1.8.7-2010.02/gems/actionpack-2.3.10/lib/action_controller/filters.rb:606:in `process'
/usr/local/rvm/gems/ree-1.8.7-2010.02/gems/actionpack-2.3.10/lib/action_controller/base.rb:391:in `process'
/usr/local/rvm/gems/ree-1.8.7-2010.02/gems/actionpack-2.3.10/lib/action_controller/base.rb:386:in `call'
/usr/local/rvm/gems/ree-1.8.7-2010.02/gems/actionpack-2.3.10/lib/action_controller/routing/route_set.rb:438:in `call'
/usr/local/rvm/gems/ree-1.8.7-2010.02/gems/actionpack-2.3.10/lib/action_controller/dispatcher.rb:87:in `dispatch'
/usr/local/rvm/gems/ree-1.8.7-2010.02/gems/actionpack-2.3.10/lib/action_controller/dispatcher.rb:121:in `_call'
/usr/local/rvm/gems/ree-1.8.7-2010.02/gems/actionpack-2.3.10/lib/action_controller/dispatcher.rb:130:in `build_middleware_stack'
/usr/local/rvm/gems/ree-1.8.7-2010.02/gems/activerecord-2.3.10/lib/active_record/query_cache.rb:29:in `call'
/usr/local/rvm/gems/ree-1.8.7-2010.02/gems/activerecord-2.3.10/lib/active_record/query_cache.rb:29:in `call'
/usr/local/rvm/gems/ree-1.8.7-2010.02/gems/activerecord-2.3.10/lib/active_record/connection_adapters/abstract/query_cache.rb:34:in `cache'
/usr/local/rvm/gems/ree-1.8.7-2010.02/gems/activerecord-2.3.10/lib/active_record/query_cache.rb:9:in `cache'
/usr/local/rvm/gems/ree-1.8.7-2010.02/gems/activerecord-2.3.10/lib/active_record/query_cache.rb:28:in `call'
/usr/local/rvm/gems/ree-1.8.7-2010.02/gems/activerecord-2.3.10/lib/active_record/connection_adapters/abstract/connection_pool.rb:361:in `call'
/usr/local/rvm/gems/ree-1.8.7-2010.02/gems/haml-3.0.22/rails/../lib/sass/plugin/rack.rb:41:in `call'
/usr/local/rvm/gems/ree-1.8.7-2010.02/gems/actionpack-2.3.10/lib/action_controller/string_coercion.rb:25:in `call'
/usr/local/rvm/gems/ree-1.8.7-2010.02/gems/rack-1.1.0/lib/rack/head.rb:9:in `call'
/usr/local/rvm/gems/ree-1.8.7-2010.02/gems/rack-1.1.0/lib/rack/methodoverride.rb:24:in `call'
/usr/local/rvm/gems/ree-1.8.7-2010.02/gems/actionpack-2.3.10/lib/action_controller/params_parser.rb:15:in `call'
/usr/local/rvm/gems/ree-1.8.7-2010.02/gems/actionpack-2.3.10/lib/action_controller/session/cookie_store.rb:100:in `call'
/usr/local/rvm/gems/ree-1.8.7-2010.02/gems/actionpack-2.3.10/lib/action_controller/failsafe.rb:26:in `call'
/usr/local/rvm/gems/ree-1.8.7-2010.02/gems/rack-1.1.0/lib/rack/lock.rb:11:in `call'
/usr/local/rvm/gems/ree-1.8.7-2010.02/gems/rack-1.1.0/lib/rack/lock.rb:11:in `synchronize'
/usr/local/rvm/gems/ree-1.8.7-2010.02/gems/rack-1.1.0/lib/rack/lock.rb:11:in `call'
/usr/local/rvm/gems/ree-1.8.7-2010.02/gems/actionpack-2.3.10/lib/action_controller/dispatcher.rb:114:in `call'
/usr/local/rvm/gems/ree-1.8.7-2010.02/gems/actionpack-2.3.10/lib/action_controller/reloader.rb:34:in `run'
/usr/local/rvm/gems/ree-1.8.7-2010.02/gems/actionpack-2.3.10/lib/action_controller/dispatcher.rb:108:in `call'
/var/lib/passenger-standalone/3.0.0-x86_64-ruby1.8.7-linux-gcc4.3.2-1002/support/lib/phusion_passenger/rack/request_handler.rb:96:in `process_request'
/var/lib/passenger-standalone/3.0.0-x86_64-ruby1.8.7-linux-gcc4.3.2-1002/support/lib/phusion_passenger/abstract_request_handler.rb:513:in `accept_and_process_next_request'
/var/lib/passenger-standalone/3.0.0-x86_64-ruby1.8.7-linux-gcc4.3.2-1002/support/lib/phusion_passenger/abstract_request_handler.rb:274:in `main_loop'
/var/lib/passenger-standalone/3.0.0-x86_64-ruby1.8.7-linux-gcc4.3.2-1002/support/lib/phusion_passenger/classic_rails/application_spawner.rb:321:in `start_request_handler'
/var/lib/passenger-standalone/3.0.0-x86_64-ruby1.8.7-linux-gcc4.3.2-1002/support/lib/phusion_passenger/classic_rails/application_spawner.rb:275:in `send'
/var/lib/passenger-standalone/3.0.0-x86_64-ruby1.8.7-linux-gcc4.3.2-1002/support/lib/phusion_passenger/classic_rails/application_spawner.rb:275:in `handle_spawn_application'
/var/lib/passenger-standalone/3.0.0-x86_64-ruby1.8.7-linux-gcc4.3.2-1002/support/lib/phusion_passenger/utils.rb:479:in `safe_fork'
/var/lib/passenger-standalone/3.0.0-x86_64-ruby1.8.7-linux-gcc4.3.2-1002/support/lib/phusion_passenger/classic_rails/application_spawner.rb:270:in `handle_spawn_application'
/var/lib/passenger-standalone/3.0.0-x86_64-ruby1.8.7-linux-gcc4.3.2-1002/support/lib/phusion_passenger/abstract_server.rb:357:in `__send__'
/var/lib/passenger-standalone/3.0.0-x86_64-ruby1.8.7-linux-gcc4.3.2-1002/support/lib/phusion_passenger/abstract_server.rb:357:in `server_main_loop'
/var/lib/passenger-standalone/3.0.0-x86_64-ruby1.8.7-linux-gcc4.3.2-1002/support/lib/phusion_passenger/abstract_server.rb:206:in `start_synchronously'
/var/lib/passenger-standalone/3.0.0-x86_64-ruby1.8.7-linux-gcc4.3.2-1002/support/lib/phusion_passenger/abstract_server.rb:180:in `start'
/var/lib/passenger-standalone/3.0.0-x86_64-ruby1.8.7-linux-gcc4.3.2-1002/support/lib/phusion_passenger/classic_rails/application_spawner.rb:149:in `start'
/var/lib/passenger-standalone/3.0.0-x86_64-ruby1.8.7-linux-gcc4.3.2-1002/support/lib/phusion_passenger/spawn_manager.rb:219:in `spawn_rails_application'
/var/lib/passenger-standalone/3.0.0-x86_64-ruby1.8.7-linux-gcc4.3.2-1002/support/lib/phusion_passenger/abstract_server_collection.rb:132:in `lookup_or_add'
/var/lib/passenger-standalone/3.0.0-x86_64-ruby1.8.7-linux-gcc4.3.2-1002/support/lib/phusion_passenger/spawn_manager.rb:214:in `spawn_rails_application'
/var/lib/passenger-standalone/3.0.0-x86_64-ruby1.8.7-linux-gcc4.3.2-1002/support/lib/phusion_passenger/abstract_server_collection.rb:82:in `synchronize'
/var/lib/passenger-standalone/3.0.0-x86_64-ruby1.8.7-linux-gcc4.3.2-1002/support/lib/phusion_passenger/abstract_server_collection.rb:79:in `synchronize'
/var/lib/passenger-standalone/3.0.0-x86_64-ruby1.8.7-linux-gcc4.3.2-1002/support/lib/phusion_passenger/spawn_manager.rb:213:in `spawn_rails_application'
/var/lib/passenger-standalone/3.0.0-x86_64-ruby1.8.7-linux-gcc4.3.2-1002/support/lib/phusion_passenger/spawn_manager.rb:132:in `spawn_application'
/var/lib/passenger-standalone/3.0.0-x86_64-ruby1.8.7-linux-gcc4.3.2-1002/support/lib/phusion_passenger/spawn_manager.rb:275:in `handle_spawn_application'
/var/lib/passenger-standalone/3.0.0-x86_64-ruby1.8.7-linux-gcc4.3.2-1002/support/lib/phusion_passenger/abstract_server.rb:357:in `__send__'
/var/lib/passenger-standalone/3.0.0-x86_64-ruby1.8.7-linux-gcc4.3.2-1002/support/lib/phusion_passenger/abstract_server.rb:357:in `server_main_loop'
/var/lib/passenger-standalone/3.0.0-x86_64-ruby1.8.7-linux-gcc4.3.2-1002/support/lib/phusion_passenger/abstract_server.rb:206:in `start_synchronously'
/var/lib/passenger-standalone/3.0.0-x86_64-ruby1.8.7-linux-gcc4.3.2-1002/support/helper-scripts/passenger-spawn-server:99
